<?xml version="1.0" encoding="utf-8"?><testsuites name="pytest tests"><testsuite name="pytest" errors="0" failures="0" skipped="0" tests="26" time="13.152" timestamp="2026-08-01T19:05:06.337798+00:00" hostname="agent-env-22bbc750-2450-4c8b-8b21-0abc33402900"><testcase classname="tests.backend_test" name="test_root" time="0.139" /><testcase classname="tests.backend_test" name="test_cities_12" time="0.103" /><testcase classname="tests.backend_test" name="test_search_returns_schedules" time="0.114" /><testcase classname="tests.backend_test" name="test_schedule_seats_public" time="0.211" /><testcase classname="tests.backend_test" name="test_login_admin_and_cookie" time="0.372" /><testcase classname="tests.backend_test" name="test_login_wrong_password" time="0.322" /><testcase classname="tests.backend_test" name="test_register_forces_pengguna" time="0.321" /><testcase classname="tests.backend_test" name="test_register_duplicate" time="0.118" /><testcase classname="tests.backend_test" name="test_admin_stats" time="0.372" /><testcase classname="tests.backend_test" name="test_travel_partners_forbidden_for_non_admin" time="0.776" /><testcase classname="tests.backend_test" name="test_admin_can_list_users" time="0.372" /><testcase classname="tests.backend_test" name="test_travel_schedules_scoped" time="0.546" /><testcase classname="tests.backend_test" name="test_travel_cannot_create_schedule_for_other_travel" time="0.368" /><testcase classname="tests.backend_test" name="test_travel_can_create_own_schedule" time="0.495" /><testcase classname="tests.backend_test" name="test_travel_bookings_scoped" time="0.372" /><testcase classname="tests.backend_test" name="test_manager_stats_scoped" time="0.399" /><testcase classname="tests.backend_test" name="test_pengguna_booking_flow" time="0.666" /><testcase classname="tests.backend_test" name="test_pengguna_cannot_list_all_bookings" time="0.377" /><testcase classname="tests.backend_test" name="test_unauth_me" time="0.119" /><testcase classname="tests.backend_test" name="test_cancel_own_booking_success" time="0.701" /><testcase classname="tests.backend_test" name="test_cancel_booking_non_owner_forbidden" time="1.343" /><testcase classname="tests.backend_test" name="test_get_booking_owner_and_admin_ok_nonowner_403" time="1.761" /><testcase classname="tests.backend_test" name="test_admin_create_user_pengguna_ok" time="0.714" /><testcase classname="tests.backend_test" name="test_admin_create_user_non_admin_forbidden" time="0.381" /><testcase classname="tests.backend_test" name="test_admin_create_travel_user_requires_travel_id" time="0.789" /><testcase classname="tests.backend_test" name="test_admin_create_user_email_unique" time="0.368" /></testsuite></testsuites>